<?xml version="1.0" encoding="UTF-8"?>
<!-- Generated by org.testng.reporters.JUnitReportReporter -->
<testsuite skipped="16" hostname="AMAZUQATEST1" name="suite.test.Pdp_BMG_Test" tests="17" failures="0" timestamp="13 Apr 2021 11:48:39 GMT" time="52.759" errors="0">
  <testcase name="pdp_bmg_9" time="52.759" classname="suite.test.Pdp_BMG_Test"/>
  <testcase name="pdp_bmg_6" classname="suite.test.Pdp_BMG_Test">
    <skipped/>
  </testcase> <!-- pdp_bmg_6 -->
  <testcase name="pdp_bmg_8" classname="suite.test.Pdp_BMG_Test">
    <skipped/>
  </testcase> <!-- pdp_bmg_8 -->
  <testcase name="pdp_bmg_15" classname="suite.test.Pdp_BMG_Test">
    <skipped/>
  </testcase> <!-- pdp_bmg_15 -->
  <testcase name="pdp_bmg_16" classname="suite.test.Pdp_BMG_Test">
    <skipped/>
  </testcase> <!-- pdp_bmg_16 -->
  <testcase name="pdp_bmg_13" classname="suite.test.Pdp_BMG_Test">
    <skipped/>
  </testcase> <!-- pdp_bmg_13 -->
  <testcase name="pdp_bmg_17" classname="suite.test.Pdp_BMG_Test">
    <skipped/>
  </testcase> <!-- pdp_bmg_17 -->
  <testcase name="pdp_bmg_2" classname="suite.test.Pdp_BMG_Test">
    <skipped/>
  </testcase> <!-- pdp_bmg_2 -->
  <testcase name="pdp_bmg_10" classname="suite.test.Pdp_BMG_Test">
    <skipped/>
  </testcase> <!-- pdp_bmg_10 -->
  <testcase name="pdp_bmg_5" classname="suite.test.Pdp_BMG_Test">
    <skipped/>
  </testcase> <!-- pdp_bmg_5 -->
  <testcase name="pdp_bmg_4" classname="suite.test.Pdp_BMG_Test">
    <skipped/>
  </testcase> <!-- pdp_bmg_4 -->
  <testcase name="pdp_bmg_7" classname="suite.test.Pdp_BMG_Test">
    <skipped/>
  </testcase> <!-- pdp_bmg_7 -->
  <testcase name="pdp_bmg_14" classname="suite.test.Pdp_BMG_Test">
    <skipped/>
  </testcase> <!-- pdp_bmg_14 -->
  <testcase name="pdp_bmg_11" classname="suite.test.Pdp_BMG_Test">
    <skipped/>
  </testcase> <!-- pdp_bmg_11 -->
  <testcase name="pdp_bmg_1" classname="suite.test.Pdp_BMG_Test">
    <skipped/>
  </testcase> <!-- pdp_bmg_1 -->
  <testcase name="pdp_bmg_12" classname="suite.test.Pdp_BMG_Test">
    <skipped/>
  </testcase> <!-- pdp_bmg_12 -->
  <testcase name="pdp_bmg_3" classname="suite.test.Pdp_BMG_Test">
    <skipped/>
  </testcase> <!-- pdp_bmg_3 -->
</testsuite> <!-- suite.test.Pdp_BMG_Test -->
