<?xml version="1.0" encoding="UTF-8"?>
<!-- Generated by org.testng.reporters.JUnitReportReporter -->
<testsuite skipped="0" hostname="AMAZUQATEST1" name="suite.test.MyAccountTest" tests="5" failures="0" timestamp="08 Jun 2021 13:59:11 GMT" time="212.169" errors="0">
  <testcase name="ma_1" time="73.774" classname="suite.test.MyAccountTest"/>
  <testcase name="ma_4" time="35.337" classname="suite.test.MyAccountTest"/>
  <testcase name="ma_3" time="34.143" classname="suite.test.MyAccountTest"/>
  <testcase name="ma_5" time="33.579" classname="suite.test.MyAccountTest"/>
  <testcase name="ma_2" time="35.336" classname="suite.test.MyAccountTest"/>
</testsuite> <!-- suite.test.MyAccountTest -->
